[0.820s] Invoking command in '/home/kurek/ros2_ws/build/my_robot_controller': PYTHONPATH=/home/kurek/ros2_ws/build/my_robot_controller/prefix_override:/home/kurek/ros2_ws/install/my_robot_controller/lib/python3.10/site-packages:${PYTHONPATH} /usr/bin/python3 setup.py develop --uninstall --editable --build-directory /home/kurek/ros2_ws/build/my_robot_controller/build
[1.165s] running develop
[1.373s] Removing /home/kurek/ros2_ws/install/my_robot_controller/lib/python3.10/site-packages/my-robot-controller.egg-link (link to .)
[1.411s] Invoked command in '/home/kurek/ros2_ws/build/my_robot_controller' returned '0': PYTHONPATH=/home/kurek/ros2_ws/build/my_robot_controller/prefix_override:/home/kurek/ros2_ws/install/my_robot_controller/lib/python3.10/site-packages:${PYTHONPATH} /usr/bin/python3 setup.py develop --uninstall --editable --build-directory /home/kurek/ros2_ws/build/my_robot_controller/build
[1.413s] Invoking command in '/home/kurek/ros2_ws/src/my_robot_controller': PYTHONPATH=/home/kurek/ros2_ws/build/my_robot_controller/prefix_override:/home/kurek/ros2_ws/install/my_robot_controller/lib/python3.10/site-packages:${PYTHONPATH} /usr/bin/python3 setup.py egg_info --egg-base ../../build/my_robot_controller build --build-base /home/kurek/ros2_ws/build/my_robot_controller/build install --record /home/kurek/ros2_ws/build/my_robot_controller/install.log --single-version-externally-managed
[1.742s] running egg_info
[1.743s] writing ../../build/my_robot_controller/my_robot_controller.egg-info/PKG-INFO
[1.743s] writing dependency_links to ../../build/my_robot_controller/my_robot_controller.egg-info/dependency_links.txt
[1.743s] writing entry points to ../../build/my_robot_controller/my_robot_controller.egg-info/entry_points.txt
[1.744s] writing requirements to ../../build/my_robot_controller/my_robot_controller.egg-info/requires.txt
[1.744s] writing top-level names to ../../build/my_robot_controller/my_robot_controller.egg-info/top_level.txt
[1.747s] reading manifest file '../../build/my_robot_controller/my_robot_controller.egg-info/SOURCES.txt'
[1.748s] writing manifest file '../../build/my_robot_controller/my_robot_controller.egg-info/SOURCES.txt'
[1.748s] running build
[1.749s] running build_py
[1.749s] copying my_robot_controller/draw_circle.py -> /home/kurek/ros2_ws/build/my_robot_controller/build/lib/my_robot_controller
[1.749s] copying my_robot_controller/my_first_node.py -> /home/kurek/ros2_ws/build/my_robot_controller/build/lib/my_robot_controller
[1.749s] running install
[1.750s] running install_lib
[1.750s] creating /home/kurek/ros2_ws/install/my_robot_controller/lib/python3.10/site-packages/my_robot_controller
[1.751s] copying /home/kurek/ros2_ws/build/my_robot_controller/build/lib/my_robot_controller/__init__.py -> /home/kurek/ros2_ws/install/my_robot_controller/lib/python3.10/site-packages/my_robot_controller
[1.751s] copying /home/kurek/ros2_ws/build/my_robot_controller/build/lib/my_robot_controller/draw_circle.py -> /home/kurek/ros2_ws/install/my_robot_controller/lib/python3.10/site-packages/my_robot_controller
[1.751s] copying /home/kurek/ros2_ws/build/my_robot_controller/build/lib/my_robot_controller/my_first_node.py -> /home/kurek/ros2_ws/install/my_robot_controller/lib/python3.10/site-packages/my_robot_controller
[1.751s] byte-compiling /home/kurek/ros2_ws/install/my_robot_controller/lib/python3.10/site-packages/my_robot_controller/__init__.py to __init__.cpython-310.pyc
[1.752s] byte-compiling /home/kurek/ros2_ws/install/my_robot_controller/lib/python3.10/site-packages/my_robot_controller/draw_circle.py to draw_circle.cpython-310.pyc
[1.752s] byte-compiling /home/kurek/ros2_ws/install/my_robot_controller/lib/python3.10/site-packages/my_robot_controller/my_first_node.py to my_first_node.cpython-310.pyc
[1.752s] running install_data
[1.753s] copying package.xml -> /home/kurek/ros2_ws/install/my_robot_controller/share/my_robot_controller
[1.753s] running install_egg_info
[1.755s] Copying ../../build/my_robot_controller/my_robot_controller.egg-info to /home/kurek/ros2_ws/install/my_robot_controller/lib/python3.10/site-packages/my_robot_controller-0.0.0-py3.10.egg-info
[1.756s] running install_scripts
[1.787s] Installing test_node = my_robot_controller.my_first_node:maindraw_circle script to /home/kurek/ros2_ws/install/my_robot_controller/lib/my_robot_controller
[1.787s] writing list of installed files to '/home/kurek/ros2_ws/build/my_robot_controller/install.log'
[1.826s] Invoked command in '/home/kurek/ros2_ws/src/my_robot_controller' returned '0': PYTHONPATH=/home/kurek/ros2_ws/build/my_robot_controller/prefix_override:/home/kurek/ros2_ws/install/my_robot_controller/lib/python3.10/site-packages:${PYTHONPATH} /usr/bin/python3 setup.py egg_info --egg-base ../../build/my_robot_controller build --build-base /home/kurek/ros2_ws/build/my_robot_controller/build install --record /home/kurek/ros2_ws/build/my_robot_controller/install.log --single-version-externally-managed
