[0.762s] Invoking command in '/home/kurek/ros2_ws/build/my_robot_controller': PYTHONPATH=/home/kurek/ros2_ws/build/my_robot_controller/prefix_override:/home/kurek/ros2_ws/install/my_robot_controller/lib/python3.10/site-packages:${PYTHONPATH} /usr/bin/python3 setup.py develop --editable --build-directory /home/kurek/ros2_ws/build/my_robot_controller/build --no-deps install_data
[1.089s] running develop
[1.286s] running egg_info
[1.286s] writing my_robot_controller.egg-info/PKG-INFO
[1.287s] writing dependency_links to my_robot_controller.egg-info/dependency_links.txt
[1.287s] writing entry points to my_robot_controller.egg-info/entry_points.txt
[1.287s] writing requirements to my_robot_controller.egg-info/requires.txt
[1.287s] writing top-level names to my_robot_controller.egg-info/top_level.txt
[1.290s] reading manifest file 'my_robot_controller.egg-info/SOURCES.txt'
[1.292s] writing manifest file 'my_robot_controller.egg-info/SOURCES.txt'
[1.293s] running build_ext
[1.293s] Creating /home/kurek/ros2_ws/install/my_robot_controller/lib/python3.10/site-packages/my-robot-controller.egg-link (link to .)
[1.294s] Installing draw_circle script to /home/kurek/ros2_ws/install/my_robot_controller/lib/my_robot_controller
[1.295s] Installing pose_subscriber script to /home/kurek/ros2_ws/install/my_robot_controller/lib/my_robot_controller
[1.295s] Installing test_node script to /home/kurek/ros2_ws/install/my_robot_controller/lib/my_robot_controller
[1.295s] Installing turtle_controller script to /home/kurek/ros2_ws/install/my_robot_controller/lib/my_robot_controller
[1.295s] 
[1.296s] Installed /home/kurek/ros2_ws/build/my_robot_controller
[1.296s] running install_data
[1.329s] Invoked command in '/home/kurek/ros2_ws/build/my_robot_controller' returned '0': PYTHONPATH=/home/kurek/ros2_ws/build/my_robot_controller/prefix_override:/home/kurek/ros2_ws/install/my_robot_controller/lib/python3.10/site-packages:${PYTHONPATH} /usr/bin/python3 setup.py develop --editable --build-directory /home/kurek/ros2_ws/build/my_robot_controller/build --no-deps install_data
