[0.935s] Invoking command in '/home/kurek/ros2_ws/src/my_robot_controller': PYTHONPATH=/home/kurek/ros2_ws/build/my_robot_controller/prefix_override:/home/kurek/ros2_ws/install/my_robot_controller/lib/python3.10/site-packages:${PYTHONPATH} /usr/bin/python3 setup.py egg_info --egg-base ../../build/my_robot_controller build --build-base /home/kurek/ros2_ws/build/my_robot_controller/build install --record /home/kurek/ros2_ws/build/my_robot_controller/install.log --single-version-externally-managed
[1.294s] running egg_info
[1.295s] creating ../../build/my_robot_controller/my_robot_controller.egg-info
[1.296s] writing ../../build/my_robot_controller/my_robot_controller.egg-info/PKG-INFO
[1.296s] writing dependency_links to ../../build/my_robot_controller/my_robot_controller.egg-info/dependency_links.txt
[1.296s] writing entry points to ../../build/my_robot_controller/my_robot_controller.egg-info/entry_points.txt
[1.297s] writing requirements to ../../build/my_robot_controller/my_robot_controller.egg-info/requires.txt
[1.297s] writing top-level names to ../../build/my_robot_controller/my_robot_controller.egg-info/top_level.txt
[1.297s] writing manifest file '../../build/my_robot_controller/my_robot_controller.egg-info/SOURCES.txt'
[1.301s] reading manifest file '../../build/my_robot_controller/my_robot_controller.egg-info/SOURCES.txt'
[1.301s] writing manifest file '../../build/my_robot_controller/my_robot_controller.egg-info/SOURCES.txt'
[1.302s] running build
[1.302s] running build_py
[1.302s] creating /home/kurek/ros2_ws/build/my_robot_controller/build
[1.302s] creating /home/kurek/ros2_ws/build/my_robot_controller/build/lib
[1.302s] creating /home/kurek/ros2_ws/build/my_robot_controller/build/lib/my_robot_controller
[1.302s] copying my_robot_controller/__init__.py -> /home/kurek/ros2_ws/build/my_robot_controller/build/lib/my_robot_controller
[1.302s] running install
[1.303s] running install_lib
[1.304s] creating /home/kurek/ros2_ws/install/my_robot_controller/lib/python3.10/site-packages/my_robot_controller
[1.304s] copying /home/kurek/ros2_ws/build/my_robot_controller/build/lib/my_robot_controller/__init__.py -> /home/kurek/ros2_ws/install/my_robot_controller/lib/python3.10/site-packages/my_robot_controller
[1.305s] byte-compiling /home/kurek/ros2_ws/install/my_robot_controller/lib/python3.10/site-packages/my_robot_controller/__init__.py to __init__.cpython-310.pyc
[1.305s] running install_data
[1.306s] creating /home/kurek/ros2_ws/install/my_robot_controller/share/ament_index
[1.307s] creating /home/kurek/ros2_ws/install/my_robot_controller/share/ament_index/resource_index
[1.307s] creating /home/kurek/ros2_ws/install/my_robot_controller/share/ament_index/resource_index/packages
[1.307s] copying resource/my_robot_controller -> /home/kurek/ros2_ws/install/my_robot_controller/share/ament_index/resource_index/packages
[1.307s] copying package.xml -> /home/kurek/ros2_ws/install/my_robot_controller/share/my_robot_controller
[1.307s] running install_egg_info
[1.310s] Copying ../../build/my_robot_controller/my_robot_controller.egg-info to /home/kurek/ros2_ws/install/my_robot_controller/lib/python3.10/site-packages/my_robot_controller-0.0.0-py3.10.egg-info
[1.311s] running install_scripts
[1.340s] writing list of installed files to '/home/kurek/ros2_ws/build/my_robot_controller/install.log'
[1.386s] Invoked command in '/home/kurek/ros2_ws/src/my_robot_controller' returned '0': PYTHONPATH=/home/kurek/ros2_ws/build/my_robot_controller/prefix_override:/home/kurek/ros2_ws/install/my_robot_controller/lib/python3.10/site-packages:${PYTHONPATH} /usr/bin/python3 setup.py egg_info --egg-base ../../build/my_robot_controller build --build-base /home/kurek/ros2_ws/build/my_robot_controller/build install --record /home/kurek/ros2_ws/build/my_robot_controller/install.log --single-version-externally-managed
