[0.754s] Invoking command in '/home/kurek/ros2_ws/build/my_robot_controller': PYTHONPATH=/home/kurek/ros2_ws/build/my_robot_controller/prefix_override:/home/kurek/ros2_ws/install/my_robot_controller/lib/python3.10/site-packages:${PYTHONPATH} /usr/bin/python3 setup.py develop --editable --build-directory /home/kurek/ros2_ws/build/my_robot_controller/build --no-deps install_data
[1.061s] running develop
[1.237s] running egg_info
[1.237s] writing my_robot_controller.egg-info/PKG-INFO
[1.238s] writing dependency_links to my_robot_controller.egg-info/dependency_links.txt
[1.238s] writing entry points to my_robot_controller.egg-info/entry_points.txt
[1.238s] writing requirements to my_robot_controller.egg-info/requires.txt
[1.238s] writing top-level names to my_robot_controller.egg-info/top_level.txt
[1.240s] reading manifest file 'my_robot_controller.egg-info/SOURCES.txt'
[1.241s] writing manifest file 'my_robot_controller.egg-info/SOURCES.txt'
[1.242s] running build_ext
[1.242s] Creating /home/kurek/ros2_ws/install/my_robot_controller/lib/python3.10/site-packages/my-robot-controller.egg-link (link to .)
[1.243s] Installing draw_circle script to /home/kurek/ros2_ws/install/my_robot_controller/lib/my_robot_controller
[1.243s] Installing pose_subscriber script to /home/kurek/ros2_ws/install/my_robot_controller/lib/my_robot_controller
[1.244s] Installing test_node script to /home/kurek/ros2_ws/install/my_robot_controller/lib/my_robot_controller
[1.244s] Installing turtle_controller script to /home/kurek/ros2_ws/install/my_robot_controller/lib/my_robot_controller
[1.244s] 
[1.244s] Installed /home/kurek/ros2_ws/build/my_robot_controller
[1.244s] running install_data
[1.277s] Invoked command in '/home/kurek/ros2_ws/build/my_robot_controller' returned '0': PYTHONPATH=/home/kurek/ros2_ws/build/my_robot_controller/prefix_override:/home/kurek/ros2_ws/install/my_robot_controller/lib/python3.10/site-packages:${PYTHONPATH} /usr/bin/python3 setup.py develop --editable --build-directory /home/kurek/ros2_ws/build/my_robot_controller/build --no-deps install_data
