[0.625s] Invoking command in '/home/kurek/ros2_ws/build/my_robot_controller': PYTHONPATH=/home/kurek/ros2_ws/build/my_robot_controller/prefix_override:/home/kurek/ros2_ws/install/my_robot_controller/lib/python3.10/site-packages:${PYTHONPATH} /usr/bin/python3 setup.py develop --uninstall --editable --build-directory /home/kurek/ros2_ws/build/my_robot_controller/build
[0.896s] running develop
[1.082s] Invoked command in '/home/kurek/ros2_ws/build/my_robot_controller' returned '0': PYTHONPATH=/home/kurek/ros2_ws/build/my_robot_controller/prefix_override:/home/kurek/ros2_ws/install/my_robot_controller/lib/python3.10/site-packages:${PYTHONPATH} /usr/bin/python3 setup.py develop --uninstall --editable --build-directory /home/kurek/ros2_ws/build/my_robot_controller/build
[1.085s] Invoking command in '/home/kurek/ros2_ws/src/my_robot_controller': PYTHONPATH=/home/kurek/ros2_ws/build/my_robot_controller/prefix_override:/home/kurek/ros2_ws/install/my_robot_controller/lib/python3.10/site-packages:${PYTHONPATH} /usr/bin/python3 setup.py egg_info --egg-base ../../build/my_robot_controller build --build-base /home/kurek/ros2_ws/build/my_robot_controller/build install --record /home/kurek/ros2_ws/build/my_robot_controller/install.log --single-version-externally-managed
[1.333s] running egg_info
[1.334s] writing ../../build/my_robot_controller/my_robot_controller.egg-info/PKG-INFO
[1.334s] writing dependency_links to ../../build/my_robot_controller/my_robot_controller.egg-info/dependency_links.txt
[1.334s] writing entry points to ../../build/my_robot_controller/my_robot_controller.egg-info/entry_points.txt
[1.334s] writing requirements to ../../build/my_robot_controller/my_robot_controller.egg-info/requires.txt
[1.335s] writing top-level names to ../../build/my_robot_controller/my_robot_controller.egg-info/top_level.txt
[1.337s] reading manifest file '../../build/my_robot_controller/my_robot_controller.egg-info/SOURCES.txt'
[1.337s] writing manifest file '../../build/my_robot_controller/my_robot_controller.egg-info/SOURCES.txt'
[1.338s] running build
[1.338s] running build_py
[1.338s] copying my_robot_controller/pose_subscriber.py -> /home/kurek/ros2_ws/build/my_robot_controller/build/lib/my_robot_controller
[1.338s] running install
[1.339s] running install_lib
[1.339s] copying /home/kurek/ros2_ws/build/my_robot_controller/build/lib/my_robot_controller/pose_subscriber.py -> /home/kurek/ros2_ws/install/my_robot_controller/lib/python3.10/site-packages/my_robot_controller
[1.340s] byte-compiling /home/kurek/ros2_ws/install/my_robot_controller/lib/python3.10/site-packages/my_robot_controller/pose_subscriber.py to pose_subscriber.cpython-310.pyc
[1.341s] running install_data
[1.341s] running install_egg_info
[1.343s] removing '/home/kurek/ros2_ws/install/my_robot_controller/lib/python3.10/site-packages/my_robot_controller-0.0.0-py3.10.egg-info' (and everything under it)
[1.343s] Copying ../../build/my_robot_controller/my_robot_controller.egg-info to /home/kurek/ros2_ws/install/my_robot_controller/lib/python3.10/site-packages/my_robot_controller-0.0.0-py3.10.egg-info
[1.344s] running install_scripts
[1.363s] Installing draw_circle script to /home/kurek/ros2_ws/install/my_robot_controller/lib/my_robot_controller
[1.363s] Installing pose_subscriber script to /home/kurek/ros2_ws/install/my_robot_controller/lib/my_robot_controller
[1.363s] Installing test_node script to /home/kurek/ros2_ws/install/my_robot_controller/lib/my_robot_controller
[1.364s] writing list of installed files to '/home/kurek/ros2_ws/build/my_robot_controller/install.log'
[1.387s] Invoked command in '/home/kurek/ros2_ws/src/my_robot_controller' returned '0': PYTHONPATH=/home/kurek/ros2_ws/build/my_robot_controller/prefix_override:/home/kurek/ros2_ws/install/my_robot_controller/lib/python3.10/site-packages:${PYTHONPATH} /usr/bin/python3 setup.py egg_info --egg-base ../../build/my_robot_controller build --build-base /home/kurek/ros2_ws/build/my_robot_controller/build install --record /home/kurek/ros2_ws/build/my_robot_controller/install.log --single-version-externally-managed
