[0.635s] Invoking command in '/home/kurek/ros2_ws/build/my_robot_controller': PYTHONPATH=/home/kurek/ros2_ws/build/my_robot_controller/prefix_override:/home/kurek/ros2_ws/install/my_robot_controller/lib/python3.10/site-packages:${PYTHONPATH} /usr/bin/python3 setup.py develop --uninstall --editable --build-directory /home/kurek/ros2_ws/build/my_robot_controller/build
[0.907s] running develop
[1.069s] Removing /home/kurek/ros2_ws/install/my_robot_controller/lib/python3.10/site-packages/my-robot-controller.egg-link (link to .)
[1.094s] Invoked command in '/home/kurek/ros2_ws/build/my_robot_controller' returned '0': PYTHONPATH=/home/kurek/ros2_ws/build/my_robot_controller/prefix_override:/home/kurek/ros2_ws/install/my_robot_controller/lib/python3.10/site-packages:${PYTHONPATH} /usr/bin/python3 setup.py develop --uninstall --editable --build-directory /home/kurek/ros2_ws/build/my_robot_controller/build
[1.097s] Invoking command in '/home/kurek/ros2_ws/src/my_robot_controller': PYTHONPATH=/home/kurek/ros2_ws/build/my_robot_controller/prefix_override:/home/kurek/ros2_ws/install/my_robot_controller/lib/python3.10/site-packages:${PYTHONPATH} /usr/bin/python3 setup.py egg_info --egg-base ../../build/my_robot_controller build --build-base /home/kurek/ros2_ws/build/my_robot_controller/build install --record /home/kurek/ros2_ws/build/my_robot_controller/install.log --single-version-externally-managed
[1.357s] running egg_info
[1.357s] writing ../../build/my_robot_controller/my_robot_controller.egg-info/PKG-INFO
[1.357s] writing dependency_links to ../../build/my_robot_controller/my_robot_controller.egg-info/dependency_links.txt
[1.358s] writing entry points to ../../build/my_robot_controller/my_robot_controller.egg-info/entry_points.txt
[1.358s] writing requirements to ../../build/my_robot_controller/my_robot_controller.egg-info/requires.txt
[1.358s] writing top-level names to ../../build/my_robot_controller/my_robot_controller.egg-info/top_level.txt
[1.360s] reading manifest file '../../build/my_robot_controller/my_robot_controller.egg-info/SOURCES.txt'
[1.361s] writing manifest file '../../build/my_robot_controller/my_robot_controller.egg-info/SOURCES.txt'
[1.361s] running build
[1.361s] running build_py
[1.361s] running install
[1.362s] running install_lib
[1.363s] creating /home/kurek/ros2_ws/install/my_robot_controller/lib/python3.10/site-packages/my_robot_controller
[1.363s] copying /home/kurek/ros2_ws/build/my_robot_controller/build/lib/my_robot_controller/__init__.py -> /home/kurek/ros2_ws/install/my_robot_controller/lib/python3.10/site-packages/my_robot_controller
[1.363s] copying /home/kurek/ros2_ws/build/my_robot_controller/build/lib/my_robot_controller/draw_circle.py -> /home/kurek/ros2_ws/install/my_robot_controller/lib/python3.10/site-packages/my_robot_controller
[1.363s] copying /home/kurek/ros2_ws/build/my_robot_controller/build/lib/my_robot_controller/my_first_node.py -> /home/kurek/ros2_ws/install/my_robot_controller/lib/python3.10/site-packages/my_robot_controller
[1.364s] byte-compiling /home/kurek/ros2_ws/install/my_robot_controller/lib/python3.10/site-packages/my_robot_controller/__init__.py to __init__.cpython-310.pyc
[1.364s] byte-compiling /home/kurek/ros2_ws/install/my_robot_controller/lib/python3.10/site-packages/my_robot_controller/draw_circle.py to draw_circle.cpython-310.pyc
[1.364s] byte-compiling /home/kurek/ros2_ws/install/my_robot_controller/lib/python3.10/site-packages/my_robot_controller/my_first_node.py to my_first_node.cpython-310.pyc
[1.365s] running install_data
[1.365s] running install_egg_info
[1.367s] Copying ../../build/my_robot_controller/my_robot_controller.egg-info to /home/kurek/ros2_ws/install/my_robot_controller/lib/python3.10/site-packages/my_robot_controller-0.0.0-py3.10.egg-info
[1.368s] running install_scripts
[1.387s] Installing test_node = my_robot_controller.my_first_node:maindraw_circle script to /home/kurek/ros2_ws/install/my_robot_controller/lib/my_robot_controller
[1.387s] writing list of installed files to '/home/kurek/ros2_ws/build/my_robot_controller/install.log'
[1.411s] Invoked command in '/home/kurek/ros2_ws/src/my_robot_controller' returned '0': PYTHONPATH=/home/kurek/ros2_ws/build/my_robot_controller/prefix_override:/home/kurek/ros2_ws/install/my_robot_controller/lib/python3.10/site-packages:${PYTHONPATH} /usr/bin/python3 setup.py egg_info --egg-base ../../build/my_robot_controller build --build-base /home/kurek/ros2_ws/build/my_robot_controller/build install --record /home/kurek/ros2_ws/build/my_robot_controller/install.log --single-version-externally-managed
